Rules never reduced

    3 A: a


State 1 conflicts: 1 reduce/reduce


Grammar

    0 $accept: S $end

    1 S: A
    2  | a

    3 A: a


Terminals, with rules where they appear

$end (0) 0
error (256)
a (258) 2 3


Nonterminals, with rules where they appear

$accept (4)
    on left: 0
S (5)
    on left: 1 2, on right: 0
A (6)
    on left: 3, on right: 1


state 0

    0 $accept: . S $end

    a  shift, and go to state 1

    S  go to state 2
    A  go to state 3


state 1

    2 S: a .
    3 A: a .

    $end      reduce using rule 2 (S)
    $end      [reduce using rule 3 (A)]
    $default  reduce using rule 2 (S)


state 2

    0 $accept: S . $end

    $end  shift, and go to state 4


state 3

    1 S: A .

    $default  reduce using rule 1 (S)


state 4

    0 $accept: S $end .

    $default  accept
