State 6 conflicts: 2 shift/reduce
State 7 conflicts: 2 shift/reduce


Grammar

    0 $accept: E $end

    1 E: E '+' E
    2  | E '*' E
    3  | id


Terminals, with rules where they appear

$end (0) 0
'*' (42) 2
'+' (43) 1
error (256)
id (258) 3


Nonterminals, with rules where they appear

$accept (6)
    on left: 0
E (7)
    on left: 1 2 3, on right: 0 1 2


state 0

    0 $accept: . E $end

    id  shift, and go to state 1

    E  go to state 2


state 1

    3 E: id .

    $default  reduce using rule 3 (E)


state 2

    0 $accept: E . $end
    1 E: E . '+' E
    2  | E . '*' E

    $end  shift, and go to state 3
    '+'   shift, and go to state 4
    '*'   shift, and go to state 5


state 3

    0 $accept: E $end .

    $default  accept


state 4

    1 E: E '+' . E

    id  shift, and go to state 1

    E  go to state 6


state 5

    2 E: E '*' . E

    id  shift, and go to state 1

    E  go to state 7


state 6

    1 E: E . '+' E
    1  | E '+' E .
    2  | E . '*' E

    '+'  shift, and go to state 4
    '*'  shift, and go to state 5

    '+'       [reduce using rule 1 (E)]
    '*'       [reduce using rule 1 (E)]
    $default  reduce using rule 1 (E)


state 7

    1 E: E . '+' E
    2  | E . '*' E
    2  | E '*' E .

    '+'  shift, and go to state 4
    '*'  shift, and go to state 5

    '+'       [reduce using rule 2 (E)]
    '*'       [reduce using rule 2 (E)]
    $default  reduce using rule 2 (E)
