Grammar

    0 $accept: S $end

    1 S: S A
    2  | A

    3 A: a


Terminals, with rules where they appear

$end (0) 0
error (256)
a (258) 3


Nonterminals, with rules where they appear

$accept (4)
    on left: 0
S (5)
    on left: 1 2, on right: 0 1
A (6)
    on left: 3, on right: 1 2


state 0

    0 $accept: . S $end

    a  shift, and go to state 1

    S  go to state 2
    A  go to state 3


state 1

    3 A: a .

    $default  reduce using rule 3 (A)


state 2

    0 $accept: S . $end
    1 S: S . A

    $end  shift, and go to state 4
    a     shift, and go to state 1

    A  go to state 5


state 3

    2 S: A .

    $default  reduce using rule 2 (S)


state 4

    0 $accept: S $end .

    $default  accept


state 5

    1 S: S A .

    $default  reduce using rule 1 (S)
